[2022-01-12 23:20:48] local.ERROR: password_verify(): Argument #1 ($password) must be of type string, array given {"exception":"[object] (TypeError(code: 0): password_verify(): Argument #1 ($password) must be of type string, array given at C:\\Users\\ferna\\Documents\\Repositories\\colors\\vendor\\laravel\\framework\\src\\Illuminate\\Hashing\\AbstractHasher.php:32)
[stacktrace]
#0 C:\\Users\\ferna\\Documents\\Repositories\\colors\\vendor\\laravel\\framework\\src\\Illuminate\\Hashing\\AbstractHasher.php(32): password_verify()
#1 C:\\Users\\ferna\\Documents\\Repositories\\colors\\vendor\\laravel\\framework\\src\\Illuminate\\Hashing\\BcryptHasher.php(74): Illuminate\\Hashing\\AbstractHasher->check()
#2 C:\\Users\\ferna\\Documents\\Repositories\\colors\\vendor\\laravel\\framework\\src\\Illuminate\\Hashing\\HashManager.php(73): Illuminate\\Hashing\\BcryptHasher->check()
#3 C:\\Users\\ferna\\Documents\\Repositories\\colors\\vendor\\laravel\\framework\\src\\Illuminate\\Support\\Facades\\Facade.php(261): Illuminate\\Hashing\\HashManager->check()
#4 C:\\Users\\ferna\\Documents\\Repositories\\colors\\app\\Http\\Controllers\\UserController.php(86): Illuminate\\Support\\Facades\\Facade::__callStatic()
#5 C:\\Users\\ferna\\Documents\\Repositories\\colors\\vendor\\laravel\\framework\\src\\Illuminate\\Routing\\Controller.php(54): App\\Http\\Controllers\\UserController->authenticate()
#6 C:\\Users\\ferna\\Documents\\Repositories\\colors\\vendor\\laravel\\framework\\src\\Illuminate\\Routing\\ControllerDispatcher.php(45): Illuminate\\Routing\\Controller->callAction()
#7 C:\\Users\\ferna\\Documents\\Repositories\\colors\\vendor\\laravel\\framework\\src\\Illuminate\\Routing\\Route.php(262): Illuminate\\Routing\\ControllerDispatcher->dispatch()
#8 C:\\Users\\ferna\\Documents\\Repositories\\colors\\vendor\\laravel\\framework\\src\\Illuminate\\Routing\\Route.php(205): Illuminate\\Routing\\Route->runController()
#9 C:\\Users\\ferna\\Documents\\Repositories\\colors\\vendor\\laravel\\framework\\src\\Illuminate\\Routing\\Router.php(695): Illuminate\\Routing\\Route->run()
#10 C:\\Users\\ferna\\Documents\\Repositories\\colors\\vendor\\laravel\\framework\\src\\Illuminate\\Pipeline\\Pipeline.php(128): Illuminate\\Routing\\Router->Illuminate\\Routing\\{closure}()
#11 C:\\Users\\ferna\\Documents\\Repositories\\colors\\vendor\\laravel\\framework\\src\\Illuminate\\Routing\\Middleware\\SubstituteBindings.php(50): Illuminate\\Pipeline\\Pipeline->Illuminate\\Pipeline\\{closure}()
#12 C:\\Users\\ferna\\Documents\\Repositories\\colors\\vendor\\laravel\\framework\\src\\Illuminate\\Pipeline\\Pipeline.php(167): Illuminate\\Routing\\Middleware\\SubstituteBindings->handle()
#13 C:\\Users\\ferna\\Documents\\Repositories\\colors\\vendor\\laravel\\framework\\src\\Illuminate\\Routing\\Middleware\\ThrottleRequests.php(127): Illuminate\\Pipeline\\Pipeline->Illuminate\\Pipeline\\{closure}()
#14 C:\\Users\\ferna\\Documents\\Repositories\\colors\\vendor\\laravel\\framework\\src\\Illuminate\\Routing\\Middleware\\ThrottleRequests.php(103): Illuminate\\Routing\\Middleware\\ThrottleRequests->handleRequest()
#15 C:\\Users\\ferna\\Documents\\Repositories\\colors\\vendor\\laravel\\framework\\src\\Illuminate\\Routing\\Middleware\\ThrottleRequests.php(55): Illuminate\\Routing\\Middleware\\ThrottleRequests->handleRequestUsingNamedLimiter()
#16 C:\\Users\\ferna\\Documents\\Repositories\\colors\\vendor\\laravel\\framework\\src\\Illuminate\\Pipeline\\Pipeline.php(167): Illuminate\\Routing\\Middleware\\ThrottleRequests->handle()
#17 C:\\Users\\ferna\\Documents\\Repositories\\colors\\vendor\\laravel\\framework\\src\\Illuminate\\Pipeline\\Pipeline.php(103): Illuminate\\Pipeline\\Pipeline->Illuminate\\Pipeline\\{closure}()
#18 C:\\Users\\ferna\\Documents\\Repositories\\colors\\vendor\\laravel\\framework\\src\\Illuminate\\Routing\\Router.php(697): Illuminate\\Pipeline\\Pipeline->then()
#19 C:\\Users\\ferna\\Documents\\Repositories\\colors\\vendor\\laravel\\framework\\src\\Illuminate\\Routing\\Router.php(672): Illuminate\\Routing\\Router->runRouteWithinStack()
#20 C:\\Users\\ferna\\Documents\\Repositories\\colors\\vendor\\laravel\\framework\\src\\Illuminate\\Routing\\Router.php(636): Illuminate\\Routing\\Router->runRoute()
#21 C:\\Users\\ferna\\Documents\\Repositories\\colors\\vendor\\laravel\\framework\\src\\Illuminate\\Routing\\Router.php(625): Illuminate\\Routing\\Router->dispatchToRoute()
#22 C:\\Users\\ferna\\Documents\\Repositories\\colors\\vendor\\laravel\\framework\\src\\Illuminate\\Foundation\\Http\\Kernel.php(167): Illuminate\\Routing\\Router->dispatch()
#23 C:\\Users\\ferna\\Documents\\Repositories\\colors\\vendor\\laravel\\framework\\src\\Illuminate\\Pipeline\\Pipeline.php(128): Illuminate\\Foundation\\Http\\Kernel->Illuminate\\Foundation\\Http\\{closure}()
#24 C:\\Users\\ferna\\Documents\\Repositories\\colors\\vendor\\laravel\\framework\\src\\Illuminate\\Foundation\\Http\\Middleware\\TransformsRequest.php(21): Illuminate\\Pipeline\\Pipeline->Illuminate\\Pipeline\\{closure}()
#25 C:\\Users\\ferna\\Documents\\Repositories\\colors\\vendor\\laravel\\framework\\src\\Illuminate\\Foundation\\Http\\Middleware\\ConvertEmptyStringsToNull.php(31): Illuminate\\Foundation\\Http\\Middleware\\TransformsRequest->handle()
#26 C:\\Users\\ferna\\Documents\\Repositories\\colors\\vendor\\laravel\\framework\\src\\Illuminate\\Pipeline\\Pipeline.php(167): Illuminate\\Foundation\\Http\\Middleware\\ConvertEmptyStringsToNull->handle()
#27 C:\\Users\\ferna\\Documents\\Repositories\\colors\\vendor\\laravel\\framework\\src\\Illuminate\\Foundation\\Http\\Middleware\\TransformsRequest.php(21): Illuminate\\Pipeline\\Pipeline->Illuminate\\Pipeline\\{closure}()
#28 C:\\Users\\ferna\\Documents\\Repositories\\colors\\vendor\\laravel\\framework\\src\\Illuminate\\Foundation\\Http\\Middleware\\TrimStrings.php(40): Illuminate\\Foundation\\Http\\Middleware\\TransformsRequest->handle()
#29 C:\\Users\\ferna\\Documents\\Repositories\\colors\\vendor\\laravel\\framework\\src\\Illuminate\\Pipeline\\Pipeline.php(167): Illuminate\\Foundation\\Http\\Middleware\\TrimStrings->handle()
#30 C:\\Users\\ferna\\Documents\\Repositories\\colors\\vendor\\laravel\\framework\\src\\Illuminate\\Foundation\\Http\\Middleware\\ValidatePostSize.php(27): Illuminate\\Pipeline\\Pipeline->Illuminate\\Pipeline\\{closure}()
#31 C:\\Users\\ferna\\Documents\\Repositories\\colors\\vendor\\laravel\\framework\\src\\Illuminate\\Pipeline\\Pipeline.php(167): Illuminate\\Foundation\\Http\\Middleware\\ValidatePostSize->handle()
#32 C:\\Users\\ferna\\Documents\\Repositories\\colors\\vendor\\laravel\\framework\\src\\Illuminate\\Foundation\\Http\\Middleware\\PreventRequestsDuringMaintenance.php(86): Illuminate\\Pipeline\\Pipeline->Illuminate\\Pipeline\\{closure}()
#33 C:\\Users\\ferna\\Documents\\Repositories\\colors\\vendor\\laravel\\framework\\src\\Illuminate\\Pipeline\\Pipeline.php(167): Illuminate\\Foundation\\Http\\Middleware\\PreventRequestsDuringMaintenance->handle()
#34 C:\\Users\\ferna\\Documents\\Repositories\\colors\\vendor\\fruitcake\\laravel-cors\\src\\HandleCors.php(52): Illuminate\\Pipeline\\Pipeline->Illuminate\\Pipeline\\{closure}()
#35 C:\\Users\\ferna\\Documents\\Repositories\\colors\\vendor\\laravel\\framework\\src\\Illuminate\\Pipeline\\Pipeline.php(167): Fruitcake\\Cors\\HandleCors->handle()
#36 C:\\Users\\ferna\\Documents\\Repositories\\colors\\vendor\\laravel\\framework\\src\\Illuminate\\Http\\Middleware\\TrustProxies.php(39): Illuminate\\Pipeline\\Pipeline->Illuminate\\Pipeline\\{closure}()
#37 C:\\Users\\ferna\\Documents\\Repositories\\colors\\vendor\\laravel\\framework\\src\\Illuminate\\Pipeline\\Pipeline.php(167): Illuminate\\Http\\Middleware\\TrustProxies->handle()
#38 C:\\Users\\ferna\\Documents\\Repositories\\colors\\vendor\\laravel\\framework\\src\\Illuminate\\Pipeline\\Pipeline.php(103): Illuminate\\Pipeline\\Pipeline->Illuminate\\Pipeline\\{closure}()
#39 C:\\Users\\ferna\\Documents\\Repositories\\colors\\vendor\\laravel\\framework\\src\\Illuminate\\Foundation\\Http\\Kernel.php(142): Illuminate\\Pipeline\\Pipeline->then()
#40 C:\\Users\\ferna\\Documents\\Repositories\\colors\\vendor\\laravel\\framework\\src\\Illuminate\\Foundation\\Http\\Kernel.php(111): Illuminate\\Foundation\\Http\\Kernel->sendRequestThroughRouter()
#41 C:\\Users\\ferna\\Documents\\Repositories\\colors\\public\\index.php(52): Illuminate\\Foundation\\Http\\Kernel->handle()
#42 C:\\Users\\ferna\\Documents\\Repositories\\colors\\server.php(21): require_once('...')
#43 {main}
"} 
