[2022-01-13 00:08:44] local.ERROR: SQLSTATE[23502]: Not null violation: 7 ERROR:  null value in column "email" violates not-null constraint
DETAIL:  Failing row contains (12, Teste, null, null, $2y$10$4AkgiR1p5JiDcP17uFX8LuPViRA.9squWnEnkOJc1jgaTZrhf4u.K, null, 2022-01-13 00:08:44, 2022-01-13 00:08:44). (SQL: insert into "users" ("name", "email", "password", "updated_at", "created_at") values (Teste, ?, $2y$10$4AkgiR1p5JiDcP17uFX8LuPViRA.9squWnEnkOJc1jgaTZrhf4u.K, 2022-01-13 00:08:44, 2022-01-13 00:08:44) returning "id") {"exception":"[object] (Illuminate\\Database\\QueryException(code: 23502): SQLSTATE[23502]: Not null violation: 7 ERROR:  null value in column \"email\" violates not-null constraint
DETAIL:  Failing row contains (12, Teste, null, null, $2y$10$4AkgiR1p5JiDcP17uFX8LuPViRA.9squWnEnkOJc1jgaTZrhf4u.K, null, 2022-01-13 00:08:44, 2022-01-13 00:08:44). (SQL: insert into \"users\" (\"name\", \"email\", \"password\", \"updated_at\", \"created_at\") values (Teste, ?, $2y$10$4AkgiR1p5JiDcP17uFX8LuPViRA.9squWnEnkOJc1jgaTZrhf4u.K, 2022-01-13 00:08:44, 2022-01-13 00:08:44) returning \"id\") at C:\\Users\\ferna\\Documents\\Repositories\\colors\\vendor\\laravel\\framework\\src\\Illuminate\\Database\\Connection.php:703)
[stacktrace]
#0 C:\\Users\\ferna\\Documents\\Repositories\\colors\\vendor\\laravel\\framework\\src\\Illuminate\\Database\\Connection.php(663): Illuminate\\Database\\Connection->runQueryCallback()
#1 C:\\Users\\ferna\\Documents\\Repositories\\colors\\vendor\\laravel\\framework\\src\\Illuminate\\Database\\Connection.php(367): Illuminate\\Database\\Connection->run()
#2 C:\\Users\\ferna\\Documents\\Repositories\\colors\\vendor\\laravel\\framework\\src\\Illuminate\\Database\\Connection.php(337): Illuminate\\Database\\Connection->select()
#3 C:\\Users\\ferna\\Documents\\Repositories\\colors\\vendor\\laravel\\framework\\src\\Illuminate\\Database\\Query\\Processors\\PostgresProcessor.php(24): Illuminate\\Database\\Connection->selectFromWriteConnection()
#4 C:\\Users\\ferna\\Documents\\Repositories\\colors\\vendor\\laravel\\framework\\src\\Illuminate\\Database\\Query\\Builder.php(2966): Illuminate\\Database\\Query\\Processors\\PostgresProcessor->processInsertGetId()
#5 C:\\Users\\ferna\\Documents\\Repositories\\colors\\vendor\\laravel\\framework\\src\\Illuminate\\Database\\Eloquent\\Builder.php(1642): Illuminate\\Database\\Query\\Builder->insertGetId()
#6 C:\\Users\\ferna\\Documents\\Repositories\\colors\\vendor\\laravel\\framework\\src\\Illuminate\\Database\\Eloquent\\Model.php(1188): Illuminate\\Database\\Eloquent\\Builder->__call()
#7 C:\\Users\\ferna\\Documents\\Repositories\\colors\\vendor\\laravel\\framework\\src\\Illuminate\\Database\\Eloquent\\Model.php(1153): Illuminate\\Database\\Eloquent\\Model->insertAndSetId()
#8 C:\\Users\\ferna\\Documents\\Repositories\\colors\\vendor\\laravel\\framework\\src\\Illuminate\\Database\\Eloquent\\Model.php(994): Illuminate\\Database\\Eloquent\\Model->performInsert()
#9 C:\\Users\\ferna\\Documents\\Repositories\\colors\\vendor\\laravel\\framework\\src\\Illuminate\\Database\\Eloquent\\Builder.php(885): Illuminate\\Database\\Eloquent\\Model->save()
#10 C:\\Users\\ferna\\Documents\\Repositories\\colors\\vendor\\laravel\\framework\\src\\Illuminate\\Support\\helpers.php(263): Illuminate\\Database\\Eloquent\\Builder->Illuminate\\Database\\Eloquent\\{closure}()
#11 C:\\Users\\ferna\\Documents\\Repositories\\colors\\vendor\\laravel\\framework\\src\\Illuminate\\Database\\Eloquent\\Builder.php(886): tap()
#12 C:\\Users\\ferna\\Documents\\Repositories\\colors\\vendor\\laravel\\framework\\src\\Illuminate\\Support\\Traits\\ForwardsCalls.php(23): Illuminate\\Database\\Eloquent\\Builder->create()
#13 C:\\Users\\ferna\\Documents\\Repositories\\colors\\vendor\\laravel\\framework\\src\\Illuminate\\Database\\Eloquent\\Model.php(2117): Illuminate\\Database\\Eloquent\\Model->forwardCallTo()
#14 C:\\Users\\ferna\\Documents\\Repositories\\colors\\vendor\\laravel\\framework\\src\\Illuminate\\Database\\Eloquent\\Model.php(2129): Illuminate\\Database\\Eloquent\\Model->__call()
#15 C:\\Users\\ferna\\Documents\\Repositories\\colors\\app\\Http\\Controllers\\UserController.php(35): Illuminate\\Database\\Eloquent\\Model::__callStatic()
#16 C:\\Users\\ferna\\Documents\\Repositories\\colors\\vendor\\laravel\\framework\\src\\Illuminate\\Routing\\Controller.php(54): App\\Http\\Controllers\\UserController->store()
#17 C:\\Users\\ferna\\Documents\\Repositories\\colors\\vendor\\laravel\\framework\\src\\Illuminate\\Routing\\ControllerDispatcher.php(45): Illuminate\\Routing\\Controller->callAction()
#18 C:\\Users\\ferna\\Documents\\Repositories\\colors\\vendor\\laravel\\framework\\src\\Illuminate\\Routing\\Route.php(262): Illuminate\\Routing\\ControllerDispatcher->dispatch()
#19 C:\\Users\\ferna\\Documents\\Repositories\\colors\\vendor\\laravel\\framework\\src\\Illuminate\\Routing\\Route.php(205): Illuminate\\Routing\\Route->runController()
#20 C:\\Users\\ferna\\Documents\\Repositories\\colors\\vendor\\laravel\\framework\\src\\Illuminate\\Routing\\Router.php(695): Illuminate\\Routing\\Route->run()
#21 C:\\Users\\ferna\\Documents\\Repositories\\colors\\vendor\\laravel\\framework\\src\\Illuminate\\Pipeline\\Pipeline.php(128): Illuminate\\Routing\\Router->Illuminate\\Routing\\{closure}()
#22 C:\\Users\\ferna\\Documents\\Repositories\\colors\\vendor\\laravel\\framework\\src\\Illuminate\\Routing\\Middleware\\SubstituteBindings.php(50): Illuminate\\Pipeline\\Pipeline->Illuminate\\Pipeline\\{closure}()
#23 C:\\Users\\ferna\\Documents\\Repositories\\colors\\vendor\\laravel\\framework\\src\\Illuminate\\Pipeline\\Pipeline.php(167): Illuminate\\Routing\\Middleware\\SubstituteBindings->handle()
#24 C:\\Users\\ferna\\Documents\\Repositories\\colors\\vendor\\laravel\\framework\\src\\Illuminate\\Routing\\Middleware\\ThrottleRequests.php(127): Illuminate\\Pipeline\\Pipeline->Illuminate\\Pipeline\\{closure}()
#25 C:\\Users\\ferna\\Documents\\Repositories\\colors\\vendor\\laravel\\framework\\src\\Illuminate\\Routing\\Middleware\\ThrottleRequests.php(103): Illuminate\\Routing\\Middleware\\ThrottleRequests->handleRequest()
#26 C:\\Users\\ferna\\Documents\\Repositories\\colors\\vendor\\laravel\\framework\\src\\Illuminate\\Routing\\Middleware\\ThrottleRequests.php(55): Illuminate\\Routing\\Middleware\\ThrottleRequests->handleRequestUsingNamedLimiter()
#27 C:\\Users\\ferna\\Documents\\Repositories\\colors\\vendor\\laravel\\framework\\src\\Illuminate\\Pipeline\\Pipeline.php(167): Illuminate\\Routing\\Middleware\\ThrottleRequests->handle()
#28 C:\\Users\\ferna\\Documents\\Repositories\\colors\\vendor\\laravel\\framework\\src\\Illuminate\\Pipeline\\Pipeline.php(103): Illuminate\\Pipeline\\Pipeline->Illuminate\\Pipeline\\{closure}()
#29 C:\\Users\\ferna\\Documents\\Repositories\\colors\\vendor\\laravel\\framework\\src\\Illuminate\\Routing\\Router.php(697): Illuminate\\Pipeline\\Pipeline->then()
#30 C:\\Users\\ferna\\Documents\\Repositories\\colors\\vendor\\laravel\\framework\\src\\Illuminate\\Routing\\Router.php(672): Illuminate\\Routing\\Router->runRouteWithinStack()
#31 C:\\Users\\ferna\\Documents\\Repositories\\colors\\vendor\\laravel\\framework\\src\\Illuminate\\Routing\\Router.php(636): Illuminate\\Routing\\Router->runRoute()
#32 C:\\Users\\ferna\\Documents\\Repositories\\colors\\vendor\\laravel\\framework\\src\\Illuminate\\Routing\\Router.php(625): Illuminate\\Routing\\Router->dispatchToRoute()
#33 C:\\Users\\ferna\\Documents\\Repositories\\colors\\vendor\\laravel\\framework\\src\\Illuminate\\Foundation\\Http\\Kernel.php(167): Illuminate\\Routing\\Router->dispatch()
#34 C:\\Users\\ferna\\Documents\\Repositories\\colors\\vendor\\laravel\\framework\\src\\Illuminate\\Pipeline\\Pipeline.php(128): Illuminate\\Foundation\\Http\\Kernel->Illuminate\\Foundation\\Http\\{closure}()
#35 C:\\Users\\ferna\\Documents\\Repositories\\colors\\vendor\\laravel\\framework\\src\\Illuminate\\Foundation\\Http\\Middleware\\TransformsRequest.php(21): Illuminate\\Pipeline\\Pipeline->Illuminate\\Pipeline\\{closure}()
#36 C:\\Users\\ferna\\Documents\\Repositories\\colors\\vendor\\laravel\\framework\\src\\Illuminate\\Foundation\\Http\\Middleware\\ConvertEmptyStringsToNull.php(31): Illuminate\\Foundation\\Http\\Middleware\\TransformsRequest->handle()
#37 C:\\Users\\ferna\\Documents\\Repositories\\colors\\vendor\\laravel\\framework\\src\\Illuminate\\Pipeline\\Pipeline.php(167): Illuminate\\Foundation\\Http\\Middleware\\ConvertEmptyStringsToNull->handle()
#38 C:\\Users\\ferna\\Documents\\Repositories\\colors\\vendor\\laravel\\framework\\src\\Illuminate\\Foundation\\Http\\Middleware\\TransformsRequest.php(21): Illuminate\\Pipeline\\Pipeline->Illuminate\\Pipeline\\{closure}()
#39 C:\\Users\\ferna\\Documents\\Repositories\\colors\\vendor\\laravel\\framework\\src\\Illuminate\\Foundation\\Http\\Middleware\\TrimStrings.php(40): Illuminate\\Foundation\\Http\\Middleware\\TransformsRequest->handle()
#40 C:\\Users\\ferna\\Documents\\Repositories\\colors\\vendor\\laravel\\framework\\src\\Illuminate\\Pipeline\\Pipeline.php(167): Illuminate\\Foundation\\Http\\Middleware\\TrimStrings->handle()
#41 C:\\Users\\ferna\\Documents\\Repositories\\colors\\vendor\\laravel\\framework\\src\\Illuminate\\Foundation\\Http\\Middleware\\ValidatePostSize.php(27): Illuminate\\Pipeline\\Pipeline->Illuminate\\Pipeline\\{closure}()
#42 C:\\Users\\ferna\\Documents\\Repositories\\colors\\vendor\\laravel\\framework\\src\\Illuminate\\Pipeline\\Pipeline.php(167): Illuminate\\Foundation\\Http\\Middleware\\ValidatePostSize->handle()
#43 C:\\Users\\ferna\\Documents\\Repositories\\colors\\vendor\\laravel\\framework\\src\\Illuminate\\Foundation\\Http\\Middleware\\PreventRequestsDuringMaintenance.php(86): Illuminate\\Pipeline\\Pipeline->Illuminate\\Pipeline\\{closure}()
#44 C:\\Users\\ferna\\Documents\\Repositories\\colors\\vendor\\laravel\\framework\\src\\Illuminate\\Pipeline\\Pipeline.php(167): Illuminate\\Foundation\\Http\\Middleware\\PreventRequestsDuringMaintenance->handle()
#45 C:\\Users\\ferna\\Documents\\Repositories\\colors\\vendor\\fruitcake\\laravel-cors\\src\\HandleCors.php(52): Illuminate\\Pipeline\\Pipeline->Illuminate\\Pipeline\\{closure}()
#46 C:\\Users\\ferna\\Documents\\Repositories\\colors\\vendor\\laravel\\framework\\src\\Illuminate\\Pipeline\\Pipeline.php(167): Fruitcake\\Cors\\HandleCors->handle()
#47 C:\\Users\\ferna\\Documents\\Repositories\\colors\\vendor\\laravel\\framework\\src\\Illuminate\\Http\\Middleware\\TrustProxies.php(39): Illuminate\\Pipeline\\Pipeline->Illuminate\\Pipeline\\{closure}()
#48 C:\\Users\\ferna\\Documents\\Repositories\\colors\\vendor\\laravel\\framework\\src\\Illuminate\\Pipeline\\Pipeline.php(167): Illuminate\\Http\\Middleware\\TrustProxies->handle()
#49 C:\\Users\\ferna\\Documents\\Repositories\\colors\\vendor\\laravel\\framework\\src\\Illuminate\\Pipeline\\Pipeline.php(103): Illuminate\\Pipeline\\Pipeline->Illuminate\\Pipeline\\{closure}()
#50 C:\\Users\\ferna\\Documents\\Repositories\\colors\\vendor\\laravel\\framework\\src\\Illuminate\\Foundation\\Http\\Kernel.php(142): Illuminate\\Pipeline\\Pipeline->then()
#51 C:\\Users\\ferna\\Documents\\Repositories\\colors\\vendor\\laravel\\framework\\src\\Illuminate\\Foundation\\Http\\Kernel.php(111): Illuminate\\Foundation\\Http\\Kernel->sendRequestThroughRouter()
#52 C:\\Users\\ferna\\Documents\\Repositories\\colors\\public\\index.php(52): Illuminate\\Foundation\\Http\\Kernel->handle()
#53 C:\\Users\\ferna\\Documents\\Repositories\\colors\\server.php(21): require_once('...')
#54 {main}

[previous exception] [object] (PDOException(code: 23502): SQLSTATE[23502]: Not null violation: 7 ERROR:  null value in column \"email\" violates not-null constraint
DETAIL:  Failing row contains (12, Teste, null, null, $2y$10$4AkgiR1p5JiDcP17uFX8LuPViRA.9squWnEnkOJc1jgaTZrhf4u.K, null, 2022-01-13 00:08:44, 2022-01-13 00:08:44). at C:\\Users\\ferna\\Documents\\Repositories\\colors\\vendor\\laravel\\framework\\src\\Illuminate\\Database\\Connection.php:364)
[stacktrace]
#0 C:\\Users\\ferna\\Documents\\Repositories\\colors\\vendor\\laravel\\framework\\src\\Illuminate\\Database\\Connection.php(364): PDOStatement->execute()
#1 C:\\Users\\ferna\\Documents\\Repositories\\colors\\vendor\\laravel\\framework\\src\\Illuminate\\Database\\Connection.php(696): Illuminate\\Database\\Connection->Illuminate\\Database\\{closure}()
#2 C:\\Users\\ferna\\Documents\\Repositories\\colors\\vendor\\laravel\\framework\\src\\Illuminate\\Database\\Connection.php(663): Illuminate\\Database\\Connection->runQueryCallback()
#3 C:\\Users\\ferna\\Documents\\Repositories\\colors\\vendor\\laravel\\framework\\src\\Illuminate\\Database\\Connection.php(367): Illuminate\\Database\\Connection->run()
#4 C:\\Users\\ferna\\Documents\\Repositories\\colors\\vendor\\laravel\\framework\\src\\Illuminate\\Database\\Connection.php(337): Illuminate\\Database\\Connection->select()
#5 C:\\Users\\ferna\\Documents\\Repositories\\colors\\vendor\\laravel\\framework\\src\\Illuminate\\Database\\Query\\Processors\\PostgresProcessor.php(24): Illuminate\\Database\\Connection->selectFromWriteConnection()
#6 C:\\Users\\ferna\\Documents\\Repositories\\colors\\vendor\\laravel\\framework\\src\\Illuminate\\Database\\Query\\Builder.php(2966): Illuminate\\Database\\Query\\Processors\\PostgresProcessor->processInsertGetId()
#7 C:\\Users\\ferna\\Documents\\Repositories\\colors\\vendor\\laravel\\framework\\src\\Illuminate\\Database\\Eloquent\\Builder.php(1642): Illuminate\\Database\\Query\\Builder->insertGetId()
#8 C:\\Users\\ferna\\Documents\\Repositories\\colors\\vendor\\laravel\\framework\\src\\Illuminate\\Database\\Eloquent\\Model.php(1188): Illuminate\\Database\\Eloquent\\Builder->__call()
#9 C:\\Users\\ferna\\Documents\\Repositories\\colors\\vendor\\laravel\\framework\\src\\Illuminate\\Database\\Eloquent\\Model.php(1153): Illuminate\\Database\\Eloquent\\Model->insertAndSetId()
#10 C:\\Users\\ferna\\Documents\\Repositories\\colors\\vendor\\laravel\\framework\\src\\Illuminate\\Database\\Eloquent\\Model.php(994): Illuminate\\Database\\Eloquent\\Model->performInsert()
#11 C:\\Users\\ferna\\Documents\\Repositories\\colors\\vendor\\laravel\\framework\\src\\Illuminate\\Database\\Eloquent\\Builder.php(885): Illuminate\\Database\\Eloquent\\Model->save()
#12 C:\\Users\\ferna\\Documents\\Repositories\\colors\\vendor\\laravel\\framework\\src\\Illuminate\\Support\\helpers.php(263): Illuminate\\Database\\Eloquent\\Builder->Illuminate\\Database\\Eloquent\\{closure}()
#13 C:\\Users\\ferna\\Documents\\Repositories\\colors\\vendor\\laravel\\framework\\src\\Illuminate\\Database\\Eloquent\\Builder.php(886): tap()
#14 C:\\Users\\ferna\\Documents\\Repositories\\colors\\vendor\\laravel\\framework\\src\\Illuminate\\Support\\Traits\\ForwardsCalls.php(23): Illuminate\\Database\\Eloquent\\Builder->create()
#15 C:\\Users\\ferna\\Documents\\Repositories\\colors\\vendor\\laravel\\framework\\src\\Illuminate\\Database\\Eloquent\\Model.php(2117): Illuminate\\Database\\Eloquent\\Model->forwardCallTo()
#16 C:\\Users\\ferna\\Documents\\Repositories\\colors\\vendor\\laravel\\framework\\src\\Illuminate\\Database\\Eloquent\\Model.php(2129): Illuminate\\Database\\Eloquent\\Model->__call()
#17 C:\\Users\\ferna\\Documents\\Repositories\\colors\\app\\Http\\Controllers\\UserController.php(35): Illuminate\\Database\\Eloquent\\Model::__callStatic()
#18 C:\\Users\\ferna\\Documents\\Repositories\\colors\\vendor\\laravel\\framework\\src\\Illuminate\\Routing\\Controller.php(54): App\\Http\\Controllers\\UserController->store()
#19 C:\\Users\\ferna\\Documents\\Repositories\\colors\\vendor\\laravel\\framework\\src\\Illuminate\\Routing\\ControllerDispatcher.php(45): Illuminate\\Routing\\Controller->callAction()
#20 C:\\Users\\ferna\\Documents\\Repositories\\colors\\vendor\\laravel\\framework\\src\\Illuminate\\Routing\\Route.php(262): Illuminate\\Routing\\ControllerDispatcher->dispatch()
#21 C:\\Users\\ferna\\Documents\\Repositories\\colors\\vendor\\laravel\\framework\\src\\Illuminate\\Routing\\Route.php(205): Illuminate\\Routing\\Route->runController()
#22 C:\\Users\\ferna\\Documents\\Repositories\\colors\\vendor\\laravel\\framework\\src\\Illuminate\\Routing\\Router.php(695): Illuminate\\Routing\\Route->run()
#23 C:\\Users\\ferna\\Documents\\Repositories\\colors\\vendor\\laravel\\framework\\src\\Illuminate\\Pipeline\\Pipeline.php(128): Illuminate\\Routing\\Router->Illuminate\\Routing\\{closure}()
#24 C:\\Users\\ferna\\Documents\\Repositories\\colors\\vendor\\laravel\\framework\\src\\Illuminate\\Routing\\Middleware\\SubstituteBindings.php(50): Illuminate\\Pipeline\\Pipeline->Illuminate\\Pipeline\\{closure}()
#25 C:\\Users\\ferna\\Documents\\Repositories\\colors\\vendor\\laravel\\framework\\src\\Illuminate\\Pipeline\\Pipeline.php(167): Illuminate\\Routing\\Middleware\\SubstituteBindings->handle()
#26 C:\\Users\\ferna\\Documents\\Repositories\\colors\\vendor\\laravel\\framework\\src\\Illuminate\\Routing\\Middleware\\ThrottleRequests.php(127): Illuminate\\Pipeline\\Pipeline->Illuminate\\Pipeline\\{closure}()
#27 C:\\Users\\ferna\\Documents\\Repositories\\colors\\vendor\\laravel\\framework\\src\\Illuminate\\Routing\\Middleware\\ThrottleRequests.php(103): Illuminate\\Routing\\Middleware\\ThrottleRequests->handleRequest()
#28 C:\\Users\\ferna\\Documents\\Repositories\\colors\\vendor\\laravel\\framework\\src\\Illuminate\\Routing\\Middleware\\ThrottleRequests.php(55): Illuminate\\Routing\\Middleware\\ThrottleRequests->handleRequestUsingNamedLimiter()
#29 C:\\Users\\ferna\\Documents\\Repositories\\colors\\vendor\\laravel\\framework\\src\\Illuminate\\Pipeline\\Pipeline.php(167): Illuminate\\Routing\\Middleware\\ThrottleRequests->handle()
#30 C:\\Users\\ferna\\Documents\\Repositories\\colors\\vendor\\laravel\\framework\\src\\Illuminate\\Pipeline\\Pipeline.php(103): Illuminate\\Pipeline\\Pipeline->Illuminate\\Pipeline\\{closure}()
#31 C:\\Users\\ferna\\Documents\\Repositories\\colors\\vendor\\laravel\\framework\\src\\Illuminate\\Routing\\Router.php(697): Illuminate\\Pipeline\\Pipeline->then()
#32 C:\\Users\\ferna\\Documents\\Repositories\\colors\\vendor\\laravel\\framework\\src\\Illuminate\\Routing\\Router.php(672): Illuminate\\Routing\\Router->runRouteWithinStack()
#33 C:\\Users\\ferna\\Documents\\Repositories\\colors\\vendor\\laravel\\framework\\src\\Illuminate\\Routing\\Router.php(636): Illuminate\\Routing\\Router->runRoute()
#34 C:\\Users\\ferna\\Documents\\Repositories\\colors\\vendor\\laravel\\framework\\src\\Illuminate\\Routing\\Router.php(625): Illuminate\\Routing\\Router->dispatchToRoute()
#35 C:\\Users\\ferna\\Documents\\Repositories\\colors\\vendor\\laravel\\framework\\src\\Illuminate\\Foundation\\Http\\Kernel.php(167): Illuminate\\Routing\\Router->dispatch()
#36 C:\\Users\\ferna\\Documents\\Repositories\\colors\\vendor\\laravel\\framework\\src\\Illuminate\\Pipeline\\Pipeline.php(128): Illuminate\\Foundation\\Http\\Kernel->Illuminate\\Foundation\\Http\\{closure}()
#37 C:\\Users\\ferna\\Documents\\Repositories\\colors\\vendor\\laravel\\framework\\src\\Illuminate\\Foundation\\Http\\Middleware\\TransformsRequest.php(21): Illuminate\\Pipeline\\Pipeline->Illuminate\\Pipeline\\{closure}()
#38 C:\\Users\\ferna\\Documents\\Repositories\\colors\\vendor\\laravel\\framework\\src\\Illuminate\\Foundation\\Http\\Middleware\\ConvertEmptyStringsToNull.php(31): Illuminate\\Foundation\\Http\\Middleware\\TransformsRequest->handle()
#39 C:\\Users\\ferna\\Documents\\Repositories\\colors\\vendor\\laravel\\framework\\src\\Illuminate\\Pipeline\\Pipeline.php(167): Illuminate\\Foundation\\Http\\Middleware\\ConvertEmptyStringsToNull->handle()
#40 C:\\Users\\ferna\\Documents\\Repositories\\colors\\vendor\\laravel\\framework\\src\\Illuminate\\Foundation\\Http\\Middleware\\TransformsRequest.php(21): Illuminate\\Pipeline\\Pipeline->Illuminate\\Pipeline\\{closure}()
#41 C:\\Users\\ferna\\Documents\\Repositories\\colors\\vendor\\laravel\\framework\\src\\Illuminate\\Foundation\\Http\\Middleware\\TrimStrings.php(40): Illuminate\\Foundation\\Http\\Middleware\\TransformsRequest->handle()
#42 C:\\Users\\ferna\\Documents\\Repositories\\colors\\vendor\\laravel\\framework\\src\\Illuminate\\Pipeline\\Pipeline.php(167): Illuminate\\Foundation\\Http\\Middleware\\TrimStrings->handle()
#43 C:\\Users\\ferna\\Documents\\Repositories\\colors\\vendor\\laravel\\framework\\src\\Illuminate\\Foundation\\Http\\Middleware\\ValidatePostSize.php(27): Illuminate\\Pipeline\\Pipeline->Illuminate\\Pipeline\\{closure}()
#44 C:\\Users\\ferna\\Documents\\Repositories\\colors\\vendor\\laravel\\framework\\src\\Illuminate\\Pipeline\\Pipeline.php(167): Illuminate\\Foundation\\Http\\Middleware\\ValidatePostSize->handle()
#45 C:\\Users\\ferna\\Documents\\Repositories\\colors\\vendor\\laravel\\framework\\src\\Illuminate\\Foundation\\Http\\Middleware\\PreventRequestsDuringMaintenance.php(86): Illuminate\\Pipeline\\Pipeline->Illuminate\\Pipeline\\{closure}()
#46 C:\\Users\\ferna\\Documents\\Repositories\\colors\\vendor\\laravel\\framework\\src\\Illuminate\\Pipeline\\Pipeline.php(167): Illuminate\\Foundation\\Http\\Middleware\\PreventRequestsDuringMaintenance->handle()
#47 C:\\Users\\ferna\\Documents\\Repositories\\colors\\vendor\\fruitcake\\laravel-cors\\src\\HandleCors.php(52): Illuminate\\Pipeline\\Pipeline->Illuminate\\Pipeline\\{closure}()
#48 C:\\Users\\ferna\\Documents\\Repositories\\colors\\vendor\\laravel\\framework\\src\\Illuminate\\Pipeline\\Pipeline.php(167): Fruitcake\\Cors\\HandleCors->handle()
#49 C:\\Users\\ferna\\Documents\\Repositories\\colors\\vendor\\laravel\\framework\\src\\Illuminate\\Http\\Middleware\\TrustProxies.php(39): Illuminate\\Pipeline\\Pipeline->Illuminate\\Pipeline\\{closure}()
#50 C:\\Users\\ferna\\Documents\\Repositories\\colors\\vendor\\laravel\\framework\\src\\Illuminate\\Pipeline\\Pipeline.php(167): Illuminate\\Http\\Middleware\\TrustProxies->handle()
#51 C:\\Users\\ferna\\Documents\\Repositories\\colors\\vendor\\laravel\\framework\\src\\Illuminate\\Pipeline\\Pipeline.php(103): Illuminate\\Pipeline\\Pipeline->Illuminate\\Pipeline\\{closure}()
#52 C:\\Users\\ferna\\Documents\\Repositories\\colors\\vendor\\laravel\\framework\\src\\Illuminate\\Foundation\\Http\\Kernel.php(142): Illuminate\\Pipeline\\Pipeline->then()
#53 C:\\Users\\ferna\\Documents\\Repositories\\colors\\vendor\\laravel\\framework\\src\\Illuminate\\Foundation\\Http\\Kernel.php(111): Illuminate\\Foundation\\Http\\Kernel->sendRequestThroughRouter()
#54 C:\\Users\\ferna\\Documents\\Repositories\\colors\\public\\index.php(52): Illuminate\\Foundation\\Http\\Kernel->handle()
#55 C:\\Users\\ferna\\Documents\\Repositories\\colors\\server.php(21): require_once('...')
#56 {main}
"} 
